<?xml version="1.0" encoding="UTF-8"?>
<!-- Generated by org.testng.reporters.JUnitReportReporter -->
<testsuite skipped="0" hostname="DESKTOP-M98M44G" name="tests.TestNGMultiBrowserDemoTest" tests="2" failures="0" timestamp="16 Feb 2019 15:53:55 GMT" time="12.780" errors="0">
  <testcase name="test1" time="6.390" classname="tests.TestNGMultiBrowserDemoTest"/>
  <testcase name="test1" time="6.390" classname="tests.TestNGMultiBrowserDemoTest"/>
</testsuite> <!-- tests.TestNGMultiBrowserDemoTest -->
