<?xml version="1.0" encoding="UTF-8"?>
<!-- Generated by org.testng.reporters.JUnitReportReporter -->
<testsuite hostname="DESKTOP-M98M44G" name="tests.TestNGMultiBrowserDemoTest" tests="3" failures="0" timestamp="16 Feb 2019 20:34:31 GMT" time="21.223" errors="0">
  <testcase name="test1" time="4.714" classname="tests.TestNGMultiBrowserDemoTest"/>
  <testcase name="test1" time="8.175" classname="tests.TestNGMultiBrowserDemoTest"/>
  <testcase name="test1" time="8.334" classname="tests.TestNGMultiBrowserDemoTest"/>
</testsuite> <!-- tests.TestNGMultiBrowserDemoTest -->
